Backup Log File Open Time:2024.6.22 6:14:27
RunTable cursor Opened. Backup begin.
DB Dump Finished.
RunTable cursor closed.
DB Statistic Log:
--------------Level--------------
ThienNhan	200	0
NgaMyChien	125	1
Baochau	150	255
213213123	131	255
thunghiem	130	255
13213213213	120	255
13213213214	101	1
1321321321	101	255
1212121212	101	255
121212121	11	255
--------------Money--------------
13213213213	97936338	0
ThienNhan	59424322	0
13213213214	50010000	1
NgaMyChien	50000000	1
213213123	49430000	255
Baochau	7074130	255
	0	1
	0	1
	0	1
	0	1
--------------Killer--------------
	0	1
	0	1
	0	1
	0	1
	0	1
	0	1
	0	1
	0	1
	0	1
	0	1
--------------Sect 0 Level--------------
NgaMyChien	125	1
213213123	131	255
thunghiem	130	255
13213213213	120	255
13213213214	101	1
1212121212	101	255
GM00001	10	255
Chuotnhat	1	255
121321	1	255
	0	1
-------------Sect 0 Money---------------
13213213213	97936338	0
13213213214	50010000	1
NgaMyChien	50000000	1
213213123	49430000	255
	0	1
	0	1
	0	1
	0	1
	0	1
	0	1
--------------Sect 1 Level--------------
	0	1
	0	1
	0	1
	0	1
	0	1
	0	1
	0	1
	0	1
	0	1
	0	1
-------------Sect 1 Money---------------
	0	1
	0	1
	0	1
	0	1
	0	1
	0	1
	0	1
	0	1
	0	1
	0	1
--------------Sect 2 Level--------------
121212121	11	0
	0	1
	0	1
	0	1
	0	1
	0	1
	0	1
	0	1
	0	1
	0	1
-------------Sect 2 Money---------------
	0	1
	0	1
	0	1
	0	1
	0	1
	0	1
	0	1
	0	1
	0	1
	0	1
--------------Sect 3 Level--------------
	0	1
	0	1
	0	1
	0	1
	0	1
	0	1
	0	1
	0	1
	0	1
	0	1
-------------Sect 3 Money---------------
	0	1
	0	1
	0	1
	0	1
	0	1
	0	1
	0	1
	0	1
	0	1
	0	1
--------------Sect 4 Level--------------
	0	1
	0	1
	0	1
	0	1
	0	1
	0	1
	0	1
	0	1
	0	1
	0	1
-------------Sect 4 Money---------------
	0	1
	0	1
	0	1
	0	1
	0	1
	0	1
	0	1
	0	1
	0	1
	0	1
--------------Sect 5 Level--------------
1321321321	101	0
	0	1
	0	1
	0	1
	0	1
	0	1
	0	1
	0	1
	0	1
	0	1
-------------Sect 5 Money---------------
	0	1
	0	1
	0	1
	0	1
	0	1
	0	1
	0	1
	0	1
	0	1
	0	1
--------------Sect 6 Level--------------
	0	1
	0	1
	0	1
	0	1
	0	1
	0	1
	0	1
	0	1
	0	1
	0	1
-------------Sect 6 Money---------------
	0	1
	0	1
	0	1
	0	1
	0	1
	0	1
	0	1
	0	1
	0	1
	0	1
--------------Sect 7 Level--------------
	0	1
	0	1
	0	1
	0	1
	0	1
	0	1
	0	1
	0	1
	0	1
	0	1
-------------Sect 7 Money---------------
	0	1
	0	1
	0	1
	0	1
	0	1
	0	1
	0	1
	0	1
	0	1
	0	1
--------------Sect 8 Level--------------
ThienNhan	200	0
Baochau	150	0
	0	1
	0	1
	0	1
	0	1
	0	1
	0	1
	0	1
	0	1
-------------Sect 8 Money---------------
ThienNhan	59424322	0
Baochau	7074130	0
	0	1
	0	1
	0	1
	0	1
	0	1
	0	1
	0	1
	0	1
--------------Sect 9 Level--------------
	0	1
	0	1
	0	1
	0	1
	0	1
	0	1
	0	1
	0	1
	0	1
	0	1
-------------Sect 9 Money---------------
	0	1
	0	1
	0	1
	0	1
	0	1
	0	1
	0	1
	0	1
	0	1
	0	1
--------------Sect 10 Level--------------
	0	1
	0	1
	0	1
	0	1
	0	1
	0	1
	0	1
	0	1
	0	1
	0	1
-------------Sect 10 Money---------------
	0	1
	0	1
	0	1
	0	1
	0	1
	0	1
	0	1
	0	1
	0	1
	0	1
各个门派的玩家数
Sect 0 ：9
Sect 1 ：0
Sect 2 ：1
Sect 3 ：0
Sect 4 ：0
Sect 5 ：1
Sect 6 ：0
Sect 7 ：0
Sect 8 ：2
Sect 9 ：0
Sect 10 ：0
财富排名前 1000 玩家中各门派所占比例数
Sect 0 ：998
Sect 1 ：0
Sect 2 ：0
Sect 3 ：0
Sect 4 ：0
Sect 5 ：0
Sect 6 ：0
Sect 7 ：0
Sect 8 ：2
Sect 9 ：0
Sect 10 ：0
级别排名前 1000 玩家中各门派所占比例数
Sect 0 ：996
Sect 1 ：0
Sect 2 ：1
Sect 3 ：0
Sect 4 ：0
Sect 5 ：1
Sect 6 ：0
Sect 7 ：0
Sect 8 ：2
Sect 9 ：0
Sect 10 ：0
