Backup Log File Open Time:2020.4.15 18:23:59
RunTable cursor Opened. Backup begin.
DB Dump Finished.
RunTable cursor closed.
DB Statistic Log:
--------------Level--------------
TaoNhanVat	150	0
c12312c	90	0
v12312v3	90	0
v123v123	90	0
	0	1
	0	1
	0	1
	0	1
	0	1
	0	1
--------------Money--------------
c12312c	99900000	1
TaoNhanVat	24893204	255
	0	1
	0	1
	0	1
	0	1
	0	1
	0	1
	0	1
	0	1
--------------Killer--------------
	0	1
	0	1
	0	1
	0	1
	0	1
	0	1
	0	1
	0	1
	0	1
	0	1
--------------Sect 0 Level--------------
v12312v3	90	0
	0	1
	0	1
	0	1
	0	1
	0	1
	0	1
	0	1
	0	1
	0	1
-------------Sect 0 Money---------------
	0	1
	0	1
	0	1
	0	1
	0	1
	0	1
	0	1
	0	1
	0	1
	0	1
--------------Sect 1 Level--------------
	0	1
	0	1
	0	1
	0	1
	0	1
	0	1
	0	1
	0	1
	0	1
	0	1
-------------Sect 1 Money---------------
	0	1
	0	1
	0	1
	0	1
	0	1
	0	1
	0	1
	0	1
	0	1
	0	1
--------------Sect 2 Level--------------
TaoNhanVat	150	0
v123v123	90	0
	0	1
	0	1
	0	1
	0	1
	0	1
	0	1
	0	1
	0	1
-------------Sect 2 Money---------------
TaoNhanVat	24893204	0
	0	1
	0	1
	0	1
	0	1
	0	1
	0	1
	0	1
	0	1
	0	1
--------------Sect 3 Level--------------
	0	1
	0	1
	0	1
	0	1
	0	1
	0	1
	0	1
	0	1
	0	1
	0	1
-------------Sect 3 Money---------------
	0	1
	0	1
	0	1
	0	1
	0	1
	0	1
	0	1
	0	1
	0	1
	0	1
--------------Sect 4 Level--------------
	0	1
	0	1
	0	1
	0	1
	0	1
	0	1
	0	1
	0	1
	0	1
	0	1
-------------Sect 4 Money---------------
	0	1
	0	1
	0	1
	0	1
	0	1
	0	1
	0	1
	0	1
	0	1
	0	1
--------------Sect 5 Level--------------
c12312c	90	0
	0	1
	0	1
	0	1
	0	1
	0	1
	0	1
	0	1
	0	1
	0	1
-------------Sect 5 Money---------------
c12312c	99900000	1
	0	1
	0	1
	0	1
	0	1
	0	1
	0	1
	0	1
	0	1
	0	1
--------------Sect 6 Level--------------
	0	1
	0	1
	0	1
	0	1
	0	1
	0	1
	0	1
	0	1
	0	1
	0	1
-------------Sect 6 Money---------------
	0	1
	0	1
	0	1
	0	1
	0	1
	0	1
	0	1
	0	1
	0	1
	0	1
--------------Sect 7 Level--------------
	0	1
	0	1
	0	1
	0	1
	0	1
	0	1
	0	1
	0	1
	0	1
	0	1
-------------Sect 7 Money---------------
	0	1
	0	1
	0	1
	0	1
	0	1
	0	1
	0	1
	0	1
	0	1
	0	1
--------------Sect 8 Level--------------
	0	1
	0	1
	0	1
	0	1
	0	1
	0	1
	0	1
	0	1
	0	1
	0	1
-------------Sect 8 Money---------------
	0	1
	0	1
	0	1
	0	1
	0	1
	0	1
	0	1
	0	1
	0	1
	0	1
--------------Sect 9 Level--------------
	0	1
	0	1
	0	1
	0	1
	0	1
	0	1
	0	1
	0	1
	0	1
	0	1
-------------Sect 9 Money---------------
	0	1
	0	1
	0	1
	0	1
	0	1
	0	1
	0	1
	0	1
	0	1
	0	1
--------------Sect 10 Level--------------
	0	1
	0	1
	0	1
	0	1
	0	1
	0	1
	0	1
	0	1
	0	1
	0	1
-------------Sect 10 Money---------------
	0	1
	0	1
	0	1
	0	1
	0	1
	0	1
	0	1
	0	1
	0	1
	0	1
各个门派的玩家数
Sect 0 ：1
Sect 1 ：0
Sect 2 ：2
Sect 3 ：0
Sect 4 ：0
Sect 5 ：1
Sect 6 ：0
Sect 7 ：0
Sect 8 ：0
Sect 9 ：0
Sect 10 ：0
财富排名前 1000 玩家中各门派所占比例数
Sect 0 ：998
Sect 1 ：0
Sect 2 ：1
Sect 3 ：0
Sect 4 ：0
Sect 5 ：1
Sect 6 ：0
Sect 7 ：0
Sect 8 ：0
Sect 9 ：0
Sect 10 ：0
级别排名前 1000 玩家中各门派所占比例数
Sect 0 ：997
Sect 1 ：0
Sect 2 ：2
Sect 3 ：0
Sect 4 ：0
Sect 5 ：1
Sect 6 ：0
Sect 7 ：0
Sect 8 ：0
Sect 9 ：0
Sect 10 ：0
