
*
***** S3Relay Start (@ 2021/12/07 00:15:44.739) >>>>>
*

[2021/12/07 00:15:45] 1 -- Initializing ...
[2021/12/07 00:15:45] 2 -- Create Channel: [Stock, GM] <00000000> GM
[2021/12/07 00:15:45] 3 -- Create Channel: [Stock] <00000001>  ¿ΩÁ
[2021/12/07 00:15:45] 4 -- friend timing update db: start
[2021/12/07 00:15:45] 5 -- relay server startup
[2021/12/07 00:15:45] 6 -- root client create: 127.0.0.1
[2021/12/07 00:15:45] 7 -- DBRole client create: 127.0.0.1
[2021/12/07 00:15:45] 8 -- root client close: 127.0.0.1
[2021/12/07 00:15:45] 9 -- gateway client create: 127.0.0.1
[2021/12/07 00:15:45] 10 -- host server startup
[2021/12/07 00:15:45] 11 -- tong server startup
[2021/12/07 00:15:45] 12 -- chat server startup
[2021/12/07 00:15:45] 13 -- SockThread start success
[2021/12/07 00:15:45] 14 -- tong database open ok!
[2021/12/07 00:15:45] 15 -- tongset init ok !
[2021/12/07 00:15:45] 16 -- Initialize OK
[2021/12/07 00:17:19] 17 -- Uninitializing ...
[2021/12/07 00:17:19] 18 -- SockThread stop success
[2021/12/07 00:17:19] 19 -- chat server shutdown
[2021/12/07 00:17:19] 20 -- tong server shutdown
[2021/12/07 00:17:19] 21 -- host server shutdown
[2021/12/07 00:17:19] 22 -- gateway client close: 127.0.0.1
[2021/12/07 00:17:19] 23 -- DBRole client close: 127.0.0.1
[2021/12/07 00:17:19] 24 -- relay server shutdown
[2021/12/07 00:17:19] 25 -- friend timing update db: stop
[2021/12/07 00:17:19] 26 -- Uninitialize OK

*
***** S3Relay Stop (@ 2021/12/07 00:17:19.047) <<<<<
*

