
*
***** S3Relay Start (@ 2021/12/07 00:13:11.413) >>>>>
*

[2021/12/07 00:13:11] 1 -- Initializing ...
[2021/12/07 00:13:11] 2 -- Create Channel: [Stock, GM] <00000000> GM
[2021/12/07 00:13:11] 3 -- Create Channel: [Stock] <00000001>  ¿ΩÁ
[2021/12/07 00:13:11] 4 -- friend timing update db: start
[2021/12/07 00:13:11] 5 -- relay server startup
[2021/12/07 00:13:11] 6 -- root client create: 127.0.0.1
[2021/12/07 00:13:11] 7 -- DBRole client create: 127.0.0.1
[2021/12/07 00:13:11] 8 -- root client close: 127.0.0.1
[2021/12/07 00:13:11] 9 -- gateway client create: 127.0.0.1
[2021/12/07 00:13:11] 10 -- host server startup
[2021/12/07 00:13:11] 11 -- tong server startup
[2021/12/07 00:13:11] 12 -- chat server startup
[2021/12/07 00:13:11] 13 -- SockThread start success
[2021/12/07 00:13:11] 14 -- tong database open ok!
[2021/12/07 00:13:11] 15 -- tongset init ok !
[2021/12/07 00:13:11] 16 -- Initialize OK
[2021/12/07 00:13:18] 17 -- Uninitializing ...
[2021/12/07 00:13:18] 18 -- SockThread stop success
[2021/12/07 00:13:18] 19 -- chat server shutdown
[2021/12/07 00:13:18] 20 -- tong server shutdown
[2021/12/07 00:13:18] 21 -- host server shutdown
[2021/12/07 00:13:18] 22 -- gateway client close: 127.0.0.1
[2021/12/07 00:13:18] 23 -- DBRole client close: 127.0.0.1
[2021/12/07 00:13:18] 24 -- relay server shutdown
[2021/12/07 00:13:18] 25 -- friend timing update db: stop
[2021/12/07 00:13:18] 26 -- Uninitialize OK

*
***** S3Relay Stop (@ 2021/12/07 00:13:18.052) <<<<<
*

